<?xml version="1.0" encoding="UTF-8"?>
<!-- Generated by org.testng.reporters.JUnitXMLReporter -->
<testsuite hostname="DESKTOP-1GUC9ET" name="Test" tests="4" failures="0" timestamp="20 Dec 2021 12:11:28 GMT" time="54.896" errors="0">
  <testcase name="f" time="10.864" classname="javascript.javascript1"/>
  <testcase name="TestLogin" time="16.872" classname="javascript.Testorangehrm"/>
  <testcase name="testgoogleLandingpage" time="0.005" classname="javascript.TestbeforetestWithGoogle"/>
  <testcase name="testtextSearch" time="10.804" classname="javascript.TestbeforetestWithGoogle"/>
</testsuite> <!-- Test -->
