<?xml version="1.0" encoding="UTF-8"?>
<!-- Generated by org.testng.reporters.JUnitXMLReporter -->
<testsuite hostname="DESKTOP-1GUC9ET" name="Test" tests="2" failures="1" timestamp="15 Dec 2021 10:43:12 GMT" time="18.282" errors="0">
  <testcase name="testgoogleLandingpage" time="0.018" classname="javascript.TestbeforetestWithGoogle">
    <failure type="java.lang.AssertionError" message="page title got changed expected [Google1] but found [Google]">
      <![CDATA[java.lang.AssertionError: page title got changed expected [Google1] but found [Google]
	at javascript.TestbeforetestWithGoogle.testgoogleLandingpage(TestbeforetestWithGoogle.java:31)
... Removed 28 stack frames]]>
    </failure>
  </testcase> <!-- testgoogleLandingpage -->
  <testcase name="testtextSearch" time="2.35" classname="javascript.TestbeforetestWithGoogle"/>
</testsuite> <!-- Test -->
