<?xml version="1.0" encoding="UTF-8"?>
<testng-results skipped="0" failed="0" total="4" passed="4">
  <reporter-output>
  </reporter-output>
  <suite name="Suite" duration-ms="54896" started-at="2021-12-20T12:10:33Z" finished-at="2021-12-20T12:11:28Z">
    <groups>
    </groups>
    <test name="Test" duration-ms="54896" started-at="2021-12-20T12:10:33Z" finished-at="2021-12-20T12:11:28Z">
      <class name="javascript.javascript1">
        <test-method status="PASS" signature="f()[pri:0, instance:javascript.javascript1@527e5409]" name="f" duration-ms="10864" started-at="2021-12-20T17:40:50Z" finished-at="2021-12-20T17:41:01Z">
          <reporter-output>
          </reporter-output>
        </test-method> <!-- f -->
      </class> <!-- javascript.javascript1 -->
      <class name="javascript.Testorangehrm">
        <test-method status="PASS" signature="TestLogin()[pri:0, instance:javascript.Testorangehrm@1198b989]" name="TestLogin" duration-ms="16872" started-at="2021-12-20T17:41:01Z" finished-at="2021-12-20T17:41:17Z">
          <reporter-output>
          </reporter-output>
        </test-method> <!-- TestLogin -->
      </class> <!-- javascript.Testorangehrm -->
      <class name="javascript.TestbeforetestWithGoogle">
        <test-method status="PASS" signature="testopenbrowser()[pri:0, instance:javascript.TestbeforetestWithGoogle@2cbb3d47]" name="testopenbrowser" is-config="true" duration-ms="16343" started-at="2021-12-20T17:40:33Z" finished-at="2021-12-20T17:40:50Z">
          <reporter-output>
          </reporter-output>
        </test-method> <!-- testopenbrowser -->
        <test-method status="PASS" signature="testgoogleLandingpage()[pri:1, instance:javascript.TestbeforetestWithGoogle@2cbb3d47]" name="testgoogleLandingpage" duration-ms="5" started-at="2021-12-20T17:41:17Z" finished-at="2021-12-20T17:41:17Z">
          <reporter-output>
          </reporter-output>
        </test-method> <!-- testgoogleLandingpage -->
        <test-method status="PASS" signature="testtextSearch()[pri:2, instance:javascript.TestbeforetestWithGoogle@2cbb3d47]" name="testtextSearch" duration-ms="10804" started-at="2021-12-20T17:41:17Z" finished-at="2021-12-20T17:41:28Z">
          <reporter-output>
          </reporter-output>
        </test-method> <!-- testtextSearch -->
      </class> <!-- javascript.TestbeforetestWithGoogle -->
    </test> <!-- Test -->
  </suite> <!-- Suite -->
</testng-results>
